0 info it worked if it ends with ok
1 verbose cli [ '/usr/bin/nodejs',
1 verbose cli   '/usr/bin/npm',
1 verbose cli   'install',
1 verbose cli   '-g',
1 verbose cli   'tnpm',
1 verbose cli   '--registry=http://registry.npm.alibaba-inc.com' ]
2 info using npm@1.3.10
3 info using node@v0.10.25
4 verbose cache add [ 'tnpm', null ]
5 verbose cache add name=undefined spec="tnpm" args=["tnpm",null]
6 verbose parsed url { protocol: null,
6 verbose parsed url   slashes: null,
6 verbose parsed url   auth: null,
6 verbose parsed url   host: null,
6 verbose parsed url   port: null,
6 verbose parsed url   hostname: null,
6 verbose parsed url   hash: null,
6 verbose parsed url   search: null,
6 verbose parsed url   query: null,
6 verbose parsed url   pathname: 'tnpm',
6 verbose parsed url   path: 'tnpm',
6 verbose parsed url   href: 'tnpm' }
7 silly lockFile c914047e-tnpm tnpm
8 verbose lock tnpm /root/.npm/c914047e-tnpm.lock
9 silly lockFile c914047e-tnpm tnpm
10 silly lockFile c914047e-tnpm tnpm
11 verbose addNamed [ 'tnpm', '' ]
12 verbose addNamed [ null, '*' ]
13 silly lockFile fe900314-tnpm tnpm@
14 verbose lock tnpm@ /root/.npm/fe900314-tnpm.lock
15 silly addNameRange { name: 'tnpm', range: '*', hasData: false }
16 verbose url raw tnpm
17 verbose url resolving [ 'http://registry.npm.alibaba-inc.com/', './tnpm' ]
18 verbose url resolved http://registry.npm.alibaba-inc.com/tnpm
19 info trying registry request attempt 1 at 23:02:01
20 http GET http://registry.npm.alibaba-inc.com/tnpm
21 info retry will retry, error on last attempt: Error: connect ETIMEDOUT
22 info trying registry request attempt 2 at 23:04:19
23 http GET http://registry.npm.alibaba-inc.com/tnpm
24 info retry will retry, error on last attempt: Error: connect ETIMEDOUT
25 info trying registry request attempt 3 at 23:07:26
26 http GET http://registry.npm.alibaba-inc.com/tnpm
27 silly lockFile fe900314-tnpm tnpm@
28 silly lockFile fe900314-tnpm tnpm@
29 error network connect ETIMEDOUT
29 error network This is most likely not a problem with npm itself
29 error network and is related to network connectivity.
29 error network In most cases you are behind a proxy or have bad network settings.
29 error network
29 error network If you are behind a proxy, please make sure that the
29 error network 'proxy' config is set properly.  See: 'npm help config'
30 error System Linux 3.13.0-32-generic
31 error command "/usr/bin/nodejs" "/usr/bin/npm" "install" "-g" "tnpm" "--registry=http://registry.npm.alibaba-inc.com"
32 error cwd /home/applystatus/apply-status
33 error node -v v0.10.25
34 error npm -v 1.3.10
35 error syscall connect
36 error code ETIMEDOUT
37 error errno ETIMEDOUT
38 verbose exit [ 1, true ]
